e:\zt\learn\imooc\quickzhao_codes-master\quickzhao_codes\muying\项目文件\myplayer\myplayer\src\myplayer\tmp\debug\vc141.pdb
e:\zt\learn\imooc\quickzhao_codes-master\quickzhao_codes\muying\项目文件\myplayer\myplayer\src\myplayer\tmp\debug\qrc_myplayer.obj
e:\zt\learn\imooc\quickzhao_codes-master\quickzhao_codes\muying\项目文件\myplayer\myplayer\src\myplayer\tmp\debug\moc_mainapp.obj
e:\zt\learn\imooc\quickzhao_codes-master\quickzhao_codes\muying\项目文件\myplayer\myplayer\src\myplayer\tmp\debug\moc_myvideooutput.obj
e:\zt\learn\imooc\quickzhao_codes-master\quickzhao_codes\muying\项目文件\myplayer\myplayer\src\myplayer\tmp\debug\moc_mysubtitle.obj
e:\zt\learn\imooc\quickzhao_codes-master\quickzhao_codes\muying\项目文件\myplayer\myplayer\src\myplayer\tmp\debug\moc_myplay.obj
e:\zt\learn\imooc\quickzhao_codes-master\quickzhao_codes\muying\项目文件\myplayer\myplayer\src\myplayer\tmp\debug\main.obj
e:\zt\learn\imooc\quickzhao_codes-master\quickzhao_codes\muying\项目文件\myplayer\myplayer\src\myplayer\tmp\debug\mainapp.obj
e:\zt\learn\imooc\quickzhao_codes-master\quickzhao_codes\muying\项目文件\myplayer\myplayer\src\myplayer\tmp\debug\myvideothread.obj
e:\zt\learn\imooc\quickzhao_codes-master\quickzhao_codes\muying\项目文件\myplayer\myplayer\src\myplayer\tmp\debug\myvideooutput.obj
e:\zt\learn\imooc\quickzhao_codes-master\quickzhao_codes\muying\项目文件\myplayer\myplayer\src\myplayer\tmp\debug\mysubtitle.obj
e:\zt\learn\imooc\quickzhao_codes-master\quickzhao_codes\muying\项目文件\myplayer\myplayer\src\myplayer\tmp\debug\myresample.obj
e:\zt\learn\imooc\quickzhao_codes-master\quickzhao_codes\muying\项目文件\myplayer\myplayer\src\myplayer\tmp\debug\myplay.obj
e:\zt\learn\imooc\quickzhao_codes-master\quickzhao_codes\muying\项目文件\myplayer\myplayer\src\myplayer\tmp\debug\mydemuxthread.obj
e:\zt\learn\imooc\quickzhao_codes-master\quickzhao_codes\muying\项目文件\myplayer\myplayer\src\myplayer\tmp\debug\mydemux.obj
e:\zt\learn\imooc\quickzhao_codes-master\quickzhao_codes\muying\项目文件\myplayer\myplayer\src\myplayer\tmp\debug\mydecodethread.obj
e:\zt\learn\imooc\quickzhao_codes-master\quickzhao_codes\muying\项目文件\myplayer\myplayer\src\myplayer\tmp\debug\mydecode.obj
e:\zt\learn\imooc\quickzhao_codes-master\quickzhao_codes\muying\项目文件\myplayer\myplayer\src\myplayer\tmp\debug\myaudiothread.obj
e:\zt\learn\imooc\quickzhao_codes-master\quickzhao_codes\muying\项目文件\myplayer\myplayer\src\myplayer\tmp\debug\myaudioplay.obj
e:\zt\learn\imooc\quickzhao_codes-master\quickzhao_codes\muying\project\myplayer\myplayer\src\myplayer\tmp\debug\vc141.pdb
e:\zt\learn\imooc\quickzhao_codes-master\quickzhao_codes\muying\project\myplayer\myplayer\src\myplayer\tmp\debug\qrc_myplayer.obj
e:\zt\learn\imooc\quickzhao_codes-master\quickzhao_codes\muying\project\myplayer\myplayer\src\myplayer\tmp\debug\moc_mainapp.obj
e:\zt\learn\imooc\quickzhao_codes-master\quickzhao_codes\muying\project\myplayer\myplayer\src\myplayer\tmp\debug\moc_myvideooutput.obj
e:\zt\learn\imooc\quickzhao_codes-master\quickzhao_codes\muying\project\myplayer\myplayer\src\myplayer\tmp\debug\moc_mysubtitle.obj
e:\zt\learn\imooc\quickzhao_codes-master\quickzhao_codes\muying\project\myplayer\myplayer\src\myplayer\tmp\debug\moc_myplay.obj
e:\zt\learn\imooc\quickzhao_codes-master\quickzhao_codes\muying\project\myplayer\myplayer\src\myplayer\tmp\debug\main.obj
e:\zt\learn\imooc\quickzhao_codes-master\quickzhao_codes\muying\project\myplayer\myplayer\src\myplayer\tmp\debug\mainapp.obj
e:\zt\learn\imooc\quickzhao_codes-master\quickzhao_codes\muying\project\myplayer\myplayer\src\myplayer\tmp\debug\myvideothread.obj
e:\zt\learn\imooc\quickzhao_codes-master\quickzhao_codes\muying\project\myplayer\myplayer\src\myplayer\tmp\debug\myvideooutput.obj
e:\zt\learn\imooc\quickzhao_codes-master\quickzhao_codes\muying\project\myplayer\myplayer\src\myplayer\tmp\debug\mysubtitle.obj
e:\zt\learn\imooc\quickzhao_codes-master\quickzhao_codes\muying\project\myplayer\myplayer\src\myplayer\tmp\debug\myresample.obj
e:\zt\learn\imooc\quickzhao_codes-master\quickzhao_codes\muying\project\myplayer\myplayer\src\myplayer\tmp\debug\myplay.obj
e:\zt\learn\imooc\quickzhao_codes-master\quickzhao_codes\muying\project\myplayer\myplayer\src\myplayer\tmp\debug\mydemuxthread.obj
e:\zt\learn\imooc\quickzhao_codes-master\quickzhao_codes\muying\project\myplayer\myplayer\src\myplayer\tmp\debug\mydemux.obj
e:\zt\learn\imooc\quickzhao_codes-master\quickzhao_codes\muying\project\myplayer\myplayer\src\myplayer\tmp\debug\mydecodethread.obj
e:\zt\learn\imooc\quickzhao_codes-master\quickzhao_codes\muying\project\myplayer\myplayer\src\myplayer\tmp\debug\mydecode.obj
e:\zt\learn\imooc\quickzhao_codes-master\quickzhao_codes\muying\project\myplayer\myplayer\src\myplayer\tmp\debug\myaudiothread.obj
e:\zt\learn\imooc\quickzhao_codes-master\quickzhao_codes\muying\project\myplayer\myplayer\src\myplayer\tmp\debug\myaudioplay.obj
e:\zt\learn\imooc\quickzhao_codes-master\quickzhao_codes\muying\项目文件\myplayer\myplayer\src\myplayer\tmp\debug\moc_myplay.cpp
e:\zt\learn\imooc\quickzhao_codes-master\quickzhao_codes\muying\项目文件\myplayer\myplayer\src\myplayer\tmp\debug\moc_mysubtitle.cpp
e:\zt\learn\imooc\quickzhao_codes-master\quickzhao_codes\muying\项目文件\myplayer\myplayer\src\myplayer\tmp\debug\moc_myvideooutput.cpp
e:\zt\learn\imooc\quickzhao_codes-master\quickzhao_codes\muying\项目文件\myplayer\myplayer\src\myplayer\tmp\debug\moc_mainapp.cpp
e:\zt\learn\imooc\quickzhao_codes-master\quickzhao_codes\muying\项目文件\myplayer\myplayer\src\myplayer\tmp\debug\moc_predefs.h
e:\zt\learn\imooc\quickzhao_codes-master\quickzhao_codes\muying\项目文件\myplayer\myplayer\src\myplayer\tmp\debug\qrc_myplayer.cpp
e:\zt\learn\imooc\quickzhao_codes-master\quickzhao_codes\muying\project\myplayer\myplayer\src\myplayer\tmp\debug\moc_predefs.h
e:\zt\learn\imooc\quickzhao_codes-master\quickzhao_codes\muying\project\myplayer\myplayer\src\myplayer\tmp\debug\qrc_myplayer.cpp
e:\zt\learn\imooc\quickzhao_codes-master\quickzhao_codes\muying\project\myplayer\myplayer\src\myplayer\tmp\debug\moc_myplay.cpp
e:\zt\learn\imooc\quickzhao_codes-master\quickzhao_codes\muying\project\myplayer\myplayer\src\myplayer\tmp\debug\moc_mysubtitle.cpp
e:\zt\learn\imooc\quickzhao_codes-master\quickzhao_codes\muying\project\myplayer\myplayer\src\myplayer\tmp\debug\moc_myvideooutput.cpp
e:\zt\learn\imooc\quickzhao_codes-master\quickzhao_codes\muying\project\myplayer\myplayer\src\myplayer\tmp\debug\moc_mainapp.cpp
e:\zt\learn\imooc\quickzhao_codes-master\quickzhao_codes\muying\项目文件\myplayer\myplayer\src\myplayer\tmp\debug\myplayer.res
e:\zt\learn\imooc\quickzhao_codes-master\quickzhao_codes\muying\project\myplayer\myplayer\src\myplayer\tmp\debug\myplayer.res
e:\zt\learn\imooc\quickzhao_codes-master\quickzhao_codes\muying\project\myplayer\myplayer\src\myplayer\tmp\debug\myplayer.tlog\cl.command.1.tlog
e:\zt\learn\imooc\quickzhao_codes-master\quickzhao_codes\muying\project\myplayer\myplayer\src\myplayer\tmp\debug\myplayer.tlog\cl.read.1.tlog
e:\zt\learn\imooc\quickzhao_codes-master\quickzhao_codes\muying\project\myplayer\myplayer\src\myplayer\tmp\debug\myplayer.tlog\cl.write.1.tlog
e:\zt\learn\imooc\quickzhao_codes-master\quickzhao_codes\muying\project\myplayer\myplayer\src\myplayer\tmp\debug\myplayer.tlog\custombuild.command.1.tlog
e:\zt\learn\imooc\quickzhao_codes-master\quickzhao_codes\muying\project\myplayer\myplayer\src\myplayer\tmp\debug\myplayer.tlog\custombuild.read.1.tlog
e:\zt\learn\imooc\quickzhao_codes-master\quickzhao_codes\muying\project\myplayer\myplayer\src\myplayer\tmp\debug\myplayer.tlog\custombuild.write.1.tlog
e:\zt\learn\imooc\quickzhao_codes-master\quickzhao_codes\muying\project\myplayer\myplayer\src\myplayer\tmp\debug\myplayer.tlog\link.command.1.tlog
e:\zt\learn\imooc\quickzhao_codes-master\quickzhao_codes\muying\project\myplayer\myplayer\src\myplayer\tmp\debug\myplayer.tlog\link.read.1.tlog
e:\zt\learn\imooc\quickzhao_codes-master\quickzhao_codes\muying\project\myplayer\myplayer\src\myplayer\tmp\debug\myplayer.tlog\link.write.1.tlog
e:\zt\learn\imooc\quickzhao_codes-master\quickzhao_codes\muying\project\myplayer\myplayer\src\myplayer\tmp\debug\myplayer.tlog\rc.command.1.tlog
e:\zt\learn\imooc\quickzhao_codes-master\quickzhao_codes\muying\project\myplayer\myplayer\src\myplayer\tmp\debug\myplayer.tlog\rc.read.1.tlog
e:\zt\learn\imooc\quickzhao_codes-master\quickzhao_codes\muying\project\myplayer\myplayer\src\myplayer\tmp\debug\myplayer.tlog\rc.write.1.tlog
